<?xml version="1.0" encoding="UTF-8"?>
<!-- Generated by org.testng.reporters.JUnitReportReporter -->
<testsuite hostname="EPHUBUDW0570" name="tennis.scoring.GameTest" tests="9" failures="0" timestamp="8 Aug 2016 13:57:01 GMT" time="0.125" errors="0">
  <testcase name="testIfFortyFifteenWrittenCorretly" time="0.000" classname="tennis.scoring.GameTest"/>
  <testcase name="testThatInitialStateIsCalledLove" time="0.000" classname="tennis.scoring.GameTest"/>
  <testcase name="testThatPlayerHasToEarnFourScoresToWin" time="0.000" classname="tennis.scoring.GameTest"/>
  <testcase name="testIfAdvantageWrittenCorretly" time="0.000" classname="tennis.scoring.GameTest"/>
  <testcase name="testThatPlayerHasToEarnTwoScoresInARowToWin" time="0.000" classname="tennis.scoring.GameTest"/>
  <testcase name="testThatFifteenWrittenToPlayerTwo" time="0.016" classname="tennis.scoring.GameTest"/>
  <testcase name="testInitialScores" time="0.109" classname="tennis.scoring.GameTest"/>
  <testcase name="testIfDeuceWrittenCorretly" time="0.000" classname="tennis.scoring.GameTest"/>
  <testcase name="testIfScoreCanBeIncreased" time="0.000" classname="tennis.scoring.GameTest"/>
</testsuite> <!-- tennis.scoring.GameTest -->
